#
# A fatal error has been detected by the Java Runtime Environment:
#
#  SIGSEGV (0xb) at pc=0x00007f85a8d04026, pid=28761, tid=140211764815616
#
# JRE version: OpenJDK Runtime Environment (7.0_79-b14) (build 1.7.0_79-b14)
# Java VM: OpenJDK 64-Bit Server VM (24.79-b02 mixed mode linux-amd64 compressed oops)
# Derivative: IcedTea 2.5.6
# Distribution: Ubuntu 14.04 LTS, package 7u79-2.5.6-0ubuntu1.14.04.1
# Problematic frame:
# V  [libjvm.so+0x93f026]  interpretedVFrame::monitors() const+0x1b6
#
# Failed to write core dump. Core dumps have been disabled. To enable core dumping, try "ulimit -c unlimited" before starting Java again
#
# If you would like to submit a bug report, please include
# instructions on how to reproduce the bug and visit:
#   http://icedtea.classpath.org/bugzilla
#

---------------  T H R E A D  ---------------

Current thread (0x00007f85a00b5000):  JavaThread "JDWP Transport Listener: dt_socket" daemon [_thread_in_vm, id=28780, stack(0x00007f85985f6000,0x00007f85986f7000)]

siginfo:si_signo=SIGSEGV: si_errno=0, si_code=2 (SEGV_ACCERR), si_addr=0x00007f85a9ec1ff0

Registers:
RAX=0x000000077a4417a0, RBX=0x00007f855c33b6a0, RCX=0x000000000000fc9c, RDX=0x000000000000fc9b
RSP=0x00007f85986f5170, RBP=0x00007f85986f5210, RSI=0x0000000000000000, RDI=0x0000000000000020
R8 =0x00007f85703410a0, R9 =0x0000000000340000, R10=0x00007f8570000078, R11=0x0000000070000001
R12=0x00007f855c33bca0, R13=0x00007f85a9ec1fe8, R14=0x00007f85986f51b0, R15=0x0000000000000000
RIP=0x00007f85a8d04026, EFLAGS=0x0000000000010246, CSGSFS=0x0000000000000033, ERR=0x0000000000000004
  TRAPNO=0x000000000000000e

Top of Stack: (sp=0x00007f85986f5170)
0x00007f85986f5170:   00007f85a00acff0 00007f85701dfde0
0x00007f85986f5180:   00007f85a9fbe980 00007f859d0060d8
0x00007f85986f5190:   00007f859d005310 532b656c00000000
0x00007f85986f51a0:   00007f85a9fbe9f8 00007f85a9fbe9b8
0x00007f85986f51b0:   00007f85a9fbe980 00007f859d0060d8
0x00007f85986f51c0:   00007f859d005310 532b656c00000000
0x00007f85986f51d0:   00007f85a9fbe9f8 00007f85a9fbe9b8
0x00007f85986f51e0:   00007f85986f5270 00007f85a00acff0
0x00007f85986f51f0:   00007f85a917be38 0000000000000000
0x00007f85986f5200:   00007f8570006040 00007f85a000c000
0x00007f85986f5210:   00007f85986f52f0 00007f85a8a5cb96
0x00007f85986f5220:   00007f85986f5250 00007f85986f52b0
0x00007f85986f5230:   00007f85a00b55e0 000000000000001f
0x00007f85986f5240:   00000000000083b0 00000001a8cc21d9
0x00007f85986f5250:   00007f85a00b5000 00007f855c343078
0x00007f85986f5260:   00007f855c33bca0 00007f85a000c000
0x00007f85986f5270:   00007f855c33b090 00007f85986f5390
0x00007f85986f5280:   00007f85a0004380 00007f85a00acff0
0x00007f85986f5290:   00007f85986f52f0 00007f85a8cc21d9
0x00007f85986f52a0:   00007f85a9fbe930 0000000000000001
0x00007f85986f52b0:   00007f85a917be38 00007f85a000c000
0x00007f85986f52c0:   00007f8570006040 0000000000000001
0x00007f85986f52d0:   00007f85a917be38 00007f85a000c000
0x00007f85986f52e0:   00007f8570006040 00007f855c33b6a0
0x00007f85986f52f0:   00007f85986f5980 00007f85a8a5cfe5
0x00007f85986f5300:   00000000000003d8 00007f85a00acff0
0x00007f85986f5310:   00007f85986f5350 00007f85a00b59b8
0x00007f85986f5320:   00007f85a00b55e0 00007f85986f5390
0x00007f85986f5330:   00007f8570006040 00007f85a00b55d0
0x00007f85986f5340:   00007f85a00b5000 00007f85a0004380
0x00007f85986f5350:   00007f85a00b5000 00007f85a00acf60
0x00007f85986f5360:   00007f85a00b59c0 00007f85a00b59d0 

Instructions: (pc=0x00007f85a8d04026)
0x00007f85a8d04006:   89 45 c0 48 8b 43 30 48 89 45 c8 e8 ca 41 bd ff
0x00007f85a8d04016:   49 39 c5 0f 82 f9 00 00 00 31 f6 bf 20 00 00 00
0x00007f85a8d04026:   4d 8b 7d 08 e8 81 1f f1 ff 48 85 c0 49 89 c0 74
0x00007f85a8d04036:   17 4c 89 38 48 c7 40 10 00 00 00 00 4c 89 68 08 

Register to memory mapping:

RAX=0x000000077a4417a0 is an oop
{method} 
 - klass: {other class}
RBX=0x00007f855c33b6a0 is an unknown value
RCX=0x000000000000fc9c is an unknown value
RDX=0x000000000000fc9b is an unknown value
RSP=0x00007f85986f5170 is pointing into the stack for thread: 0x00007f85a00b5000
RBP=0x00007f85986f5210 is pointing into the stack for thread: 0x00007f85a00b5000
RSI=0x0000000000000000 is an unknown value
RDI=0x0000000000000020 is an unknown value
R8 =0x00007f85703410a0 is an unknown value
R9 =0x0000000000340000 is an unknown value
R10=0x00007f8570000078 is an unknown value
R11=0x0000000070000001 is an unknown value
R12=0x00007f855c33bca0 is an unknown value
R13=0x00007f85a9ec1fe8 is pointing into the stack for thread: 0x00007f85a000c000
R14=0x00007f85986f51b0 is pointing into the stack for thread: 0x00007f85a00b5000
R15=0x0000000000000000 is an unknown value


Stack: [0x00007f85985f6000,0x00007f85986f7000],  sp=0x00007f85986f5170,  free space=1020k
Native frames: (J=compiled Java code, j=interpreted, Vv=VM code, C=native code)
V  [libjvm.so+0x93f026]  interpretedVFrame::monitors() const+0x1b6
V  [libjvm.so+0x697b96]  JvmtiEnvBase::get_locked_objects_in_frame(JavaThread*, JavaThread*, javaVFrame*, GrowableArray<_jvmtiMonitorStackDepthInfo*>*, int)+0x76
V  [libjvm.so+0x697fe5]  JvmtiEnvBase::get_owned_monitors(JavaThread*, JavaThread*, GrowableArray<_jvmtiMonitorStackDepthInfo*>*)+0x115
V  [libjvm.so+0x68d9f6]  JvmtiEnv::GetOwnedMonitorInfo(JavaThread*, int*, _jobject***)+0xe6
V  [libjvm.so+0x6440bf]  jvmti_GetOwnedMonitorInfo+0x21f
C  [libjdwp.so+0x9f26]
C  [libjdwp.so+0x11688]
C  [libjdwp.so+0x23795]
V  [libjvm.so+0x6aa60b]  JvmtiAgentThread::start_function_wrapper(JavaThread*, Thread*)+0x9b
V  [libjvm.so+0x900f40]  JavaThread::thread_main_inner()+0xf0
V  [libjvm.so+0x9011b1]  JavaThread::run()+0x221
V  [libjvm.so+0x7c4f62]  java_start(Thread*)+0xf2


---------------  P R O C E S S  ---------------

Java Threads: ( => current thread )
  0x00007f85a00c0000 JavaThread "Service Thread" daemon [_thread_blocked, id=28788, stack(0x00007f85980f1000,0x00007f85981f2000)]
  0x00007f85a00bd800 JavaThread "C2 CompilerThread1" daemon [_thread_blocked, id=28787, stack(0x00007f85981f2000,0x00007f85982f3000)]
  0x00007f85a00bb000 JavaThread "C2 CompilerThread0" daemon [_thread_blocked, id=28786, stack(0x00007f85982f3000,0x00007f85983f4000)]
  0x00007f8570001000 JavaThread "JDWP Command Reader" daemon [_thread_in_native, id=28783, stack(0x00007f85983f4000,0x00007f85984f5000)]
  0x00007f85a00b8800 JavaThread "JDWP Event Helper Thread" daemon [_thread_blocked, id=28781, stack(0x00007f85984f5000,0x00007f85985f6000)]
=>0x00007f85a00b5000 JavaThread "JDWP Transport Listener: dt_socket" daemon [_thread_in_vm, id=28780, stack(0x00007f85985f6000,0x00007f85986f7000)]
  0x00007f85a00a8000 JavaThread "Signal Dispatcher" daemon [_thread_blocked, id=28777, stack(0x00007f85988fc000,0x00007f85989fd000)]
  0x00007f85a007e000 JavaThread "Finalizer" daemon [_thread_blocked, id=28775, stack(0x00007f85989fd000,0x00007f8598afe000)]
  0x00007f85a007c000 JavaThread "Reference Handler" daemon [_thread_blocked, id=28774, stack(0x00007f8598afe000,0x00007f8598bff000)]
  0x00007f85a000c000 JavaThread "main" [_thread_blocked, id=28768, stack(0x00007f85a9ebf000,0x00007f85a9fc0000)]

Other Threads:
  0x00007f85a0077800 VMThread [stack: 0x00007f8598bff000,0x00007f8598d00000] [id=28773]
  0x00007f85a00cb000 WatcherThread [stack: 0x00007f858beff000,0x00007f858c000000] [id=28789]

VM state:not at safepoint (normal execution)

VM Mutex/Monitor currently owned by a thread: None

Heap
 PSYoungGen      total 544768K, used 25556K [0x00000007d6c80000, 0x0000000800000000, 0x0000000800000000)
  eden space 514560K, 4% used [0x00000007d6c80000,0x00000007d85751c0,0x00000007f6300000)
  from space 30208K, 0% used [0x00000007f6300000,0x00000007f6300000,0x00000007f8080000)
  to   space 50176K, 0% used [0x00000007fcf00000,0x00000007fcf00000,0x0000000800000000)
 ParOldGen       total 260608K, used 154973K [0x0000000784600000, 0x0000000794480000, 0x00000007d6c80000)
  object space 260608K, 59% used [0x0000000784600000,0x000000078dd57650,0x0000000794480000)
 PSPermGen       total 21504K, used 12194K [0x000000077a000000, 0x000000077b500000, 0x0000000784600000)
  object space 21504K, 56% used [0x000000077a000000,0x000000077abe89a0,0x000000077b500000)

Card table byte_map: [0x00007f85a5e77000,0x00007f85a62a8000] byte_map_base: 0x00007f85a22a7000

Polling page: 0x00007f85a9ff6000

Code Cache  [0x00007f859d000000, 0x00007f859d270000, 0x00007f85a0000000)
 total_blobs=944 nmethods=591 adapters=315 free_code_cache=46988Kb largest_free_block=48074304

Compilation events (10 events):
Event: 181.563 Thread 0x00007f85a00bd800  660             PostProcessor.SphinxBased.LexTreeLinguist$LexTreeState::isEmitting (2 bytes)
Event: 181.563 Thread 0x00007f85a00bd800 nmethod 660 0x00007f859d21f950 code [0x00007f859d21fa80, 0x00007f859d21fad8]
Event: 182.294 Thread 0x00007f85a00bb000  661             java.io.BufferedWriter::ensureOpen (18 bytes)
Event: 182.294 Thread 0x00007f85a00bd800  662   !         java.io.BufferedWriter::write (117 bytes)
Event: 182.294 Thread 0x00007f85a00bb000 nmethod 661 0x00007f859d21f710 code [0x00007f859d21f840, 0x00007f859d21f8b8]
Event: 182.298 Thread 0x00007f85a00bb000  663             PostProcessor.SphinxBased.LexTreeLinguist$LexTreeWordState::isEmitting (5 bytes)
Event: 182.298 Thread 0x00007f85a00bb000 nmethod 663 0x00007f859d21f450 code [0x00007f859d21f580, 0x00007f859d21f5d8]
Event: 182.298 Thread 0x00007f85a00bb000  664             PostProcessor.SphinxBased.LexTreeLinguist$LexTreeWordState::equals (44 bytes)
Event: 182.299 Thread 0x00007f85a00bb000 nmethod 664 0x00007f859d2219d0 code [0x00007f859d221b20, 0x00007f859d221c68]
Event: 182.301 Thread 0x00007f85a00bd800 nmethod 662 0x00007f859d222590 code [0x00007f859d222720, 0x00007f859d223088]

GC Heap History (10 events):
Event: 3.153 GC heap before
{Heap before GC invocations=7 (full 0):
 PSYoungGen      total 285184K, used 278204K [0x00000007d6c80000, 0x00000007e9f80000, 0x0000000800000000)
  eden space 257536K, 100% used [0x00000007d6c80000,0x00000007e6800000,0x00000007e6800000)
  from space 27648K, 74% used [0x00000007e8380000,0x00000007e97af130,0x00000007e9e80000)
  to   space 28160K, 0% used [0x00000007e6800000,0x00000007e6800000,0x00000007e8380000)
 ParOldGen       total 83968K, used 59602K [0x0000000784600000, 0x0000000789800000, 0x00000007d6c80000)
  object space 83968K, 70% used [0x0000000784600000,0x0000000788034b18,0x0000000789800000)
 PSPermGen       total 21504K, used 6776K [0x000000077a000000, 0x000000077b500000, 0x0000000784600000)
  object space 21504K, 31% used [0x000000077a000000,0x000000077a69e3a0,0x000000077b500000)
Event: 3.188 GC heap after
Heap after GC invocations=7 (full 0):
 PSYoungGen      total 285696K, used 23263K [0x00000007d6c80000, 0x00000007f9d80000, 0x0000000800000000)
  eden space 257536K, 0% used [0x00000007d6c80000,0x00000007d6c80000,0x00000007e6800000)
  from space 28160K, 82% used [0x00000007e6800000,0x00000007e7eb7eb8,0x00000007e8380000)
  to   space 29696K, 0% used [0x00000007f8080000,0x00000007f8080000,0x00000007f9d80000)
 ParOldGen       total 83968K, used 61709K [0x0000000784600000, 0x0000000789800000, 0x00000007d6c80000)
  object space 83968K, 73% used [0x0000000784600000,0x0000000788243720,0x0000000789800000)
 PSPermGen       total 21504K, used 6776K [0x000000077a000000, 0x000000077b500000, 0x0000000784600000)
  object space 21504K, 31% used [0x000000077a000000,0x000000077a69e3a0,0x000000077b500000)
}
Event: 3.440 GC heap before
{Heap before GC invocations=8 (full 0):
 PSYoungGen      total 285696K, used 280799K [0x00000007d6c80000, 0x00000007f9d80000, 0x0000000800000000)
  eden space 257536K, 100% used [0x00000007d6c80000,0x00000007e6800000,0x00000007e6800000)
  from space 28160K, 82% used [0x00000007e6800000,0x00000007e7eb7eb8,0x00000007e8380000)
  to   space 29696K, 0% used [0x00000007f8080000,0x00000007f8080000,0x00000007f9d80000)
 ParOldGen       total 83968K, used 61709K [0x0000000784600000, 0x0000000789800000, 0x00000007d6c80000)
  object space 83968K, 73% used [0x0000000784600000,0x0000000788243720,0x0000000789800000)
 PSPermGen       total 21504K, used 6776K [0x000000077a000000, 0x000000077b500000, 0x0000000784600000)
  object space 21504K, 31% used [0x000000077a000000,0x000000077a69e3a0,0x000000077b500000)
Event: 3.467 GC heap after
Heap after GC invocations=8 (full 0):
 PSYoungGen      total 544256K, used 22582K [0x00000007d6c80000, 0x00000007f9e80000, 0x0000000800000000)
  eden space 514560K, 0% used [0x00000007d6c80000,0x00000007d6c80000,0x00000007f6300000)
  from space 29696K, 76% used [0x00000007f8080000,0x00000007f968db68,0x00000007f9d80000)
  to   space 30208K, 0% used [0x00000007f6300000,0x00000007f6300000,0x00000007f8080000)
 ParOldGen       total 83968K, used 63301K [0x0000000784600000, 0x0000000789800000, 0x00000007d6c80000)
  object space 83968K, 75% used [0x0000000784600000,0x00000007883d1720,0x0000000789800000)
 PSPermGen       total 21504K, used 6776K [0x000000077a000000, 0x000000077b500000, 0x0000000784600000)
  object space 21504K, 31% used [0x000000077a000000,0x000000077a69e3a0,0x000000077b500000)
}
Event: 3.467 GC heap before
{Heap before GC invocations=9 (full 1):
 PSYoungGen      total 544256K, used 22582K [0x00000007d6c80000, 0x00000007f9e80000, 0x0000000800000000)
  eden space 514560K, 0% used [0x00000007d6c80000,0x00000007d6c80000,0x00000007f6300000)
  from space 29696K, 76% used [0x00000007f8080000,0x00000007f968db68,0x00000007f9d80000)
  to   space 30208K, 0% used [0x00000007f6300000,0x00000007f6300000,0x00000007f8080000)
 ParOldGen       total 83968K, used 63301K [0x0000000784600000, 0x0000000789800000, 0x00000007d6c80000)
  object space 83968K, 75% used [0x0000000784600000,0x00000007883d1720,0x0000000789800000)
 PSPermGen       total 21504K, used 6776K [0x000000077a000000, 0x000000077b500000, 0x0000000784600000)
  object space 21504K, 31% used [0x000000077a000000,0x000000077a69e3a0,0x000000077b500000)
Event: 3.887 GC heap after
Heap after GC invocations=9 (full 1):
 PSYoungGen      total 544256K, used 0K [0x00000007d6c80000, 0x00000007f9e80000, 0x0000000800000000)
  eden space 514560K, 0% used [0x00000007d6c80000,0x00000007d6c80000,0x00000007f6300000)
  from space 29696K, 0% used [0x00000007f8080000,0x00000007f8080000,0x00000007f9d80000)
  to   space 30208K, 0% used [0x00000007f6300000,0x00000007f6300000,0x00000007f8080000)
 ParOldGen       total 155136K, used 83854K [0x0000000784600000, 0x000000078dd80000, 0x00000007d6c80000)
  object space 155136K, 54% used [0x0000000784600000,0x00000007897e3ab0,0x000000078dd80000)
 PSPermGen       total 21504K, used 6774K [0x000000077a000000, 0x000000077b500000, 0x0000000784600000)
  object space 21504K, 31% used [0x000000077a000000,0x000000077a69dbe8,0x000000077b500000)
}
Event: 181.575 GC heap before
{Heap before GC invocations=10 (full 1):
 PSYoungGen      total 544256K, used 514560K [0x00000007d6c80000, 0x00000007f9e80000, 0x0000000800000000)
  eden space 514560K, 100% used [0x00000007d6c80000,0x00000007f6300000,0x00000007f6300000)
  from space 29696K, 0% used [0x00000007f8080000,0x00000007f8080000,0x00000007f9d80000)
  to   space 30208K, 0% used [0x00000007f6300000,0x00000007f6300000,0x00000007f8080000)
 ParOldGen       total 155136K, used 83854K [0x0000000784600000, 0x000000078dd80000, 0x00000007d6c80000)
  object space 155136K, 54% used [0x0000000784600000,0x00000007897e3ab0,0x000000078dd80000)
 PSPermGen       total 21504K, used 12176K [0x000000077a000000, 0x000000077b500000, 0x0000000784600000)
  object space 21504K, 56% used [0x000000077a000000,0x000000077abe4168,0x000000077b500000)
Event: 181.671 GC heap after
Heap after GC invocations=10 (full 1):
 PSYoungGen      total 544768K, used 30204K [0x00000007d6c80000, 0x0000000800000000, 0x0000000800000000)
  eden space 514560K, 0% used [0x00000007d6c80000,0x00000007d6c80000,0x00000007f6300000)
  from space 30208K, 99% used [0x00000007f6300000,0x00000007f807f200,0x00000007f8080000)
  to   space 50176K, 0% used [0x00000007fcf00000,0x00000007fcf00000,0x0000000800000000)
 ParOldGen       total 155136K, used 124993K [0x0000000784600000, 0x000000078dd80000, 0x00000007d6c80000)
  object space 155136K, 80% used [0x0000000784600000,0x000000078c0107f0,0x000000078dd80000)
 PSPermGen       total 21504K, used 12176K [0x000000077a000000, 0x000000077b500000, 0x0000000784600000)
  object space 21504K, 56% used [0x000000077a000000,0x000000077abe4168,0x000000077b500000)
}
Event: 181.671 GC heap before
{Heap before GC invocations=11 (full 2):
 PSYoungGen      total 544768K, used 30204K [0x00000007d6c80000, 0x0000000800000000, 0x0000000800000000)
  eden space 514560K, 0% used [0x00000007d6c80000,0x00000007d6c80000,0x00000007f6300000)
  from space 30208K, 99% used [0x00000007f6300000,0x00000007f807f200,0x00000007f8080000)
  to   space 50176K, 0% used [0x00000007fcf00000,0x00000007fcf00000,0x0000000800000000)
 ParOldGen       total 155136K, used 124993K [0x0000000784600000, 0x000000078dd80000, 0x00000007d6c80000)
  object space 155136K, 80% used [0x0000000784600000,0x000000078c0107f0,0x000000078dd80000)
 PSPermGen       total 21504K, used 12176K [0x000000077a000000, 0x000000077b500000, 0x0000000784600000)
  object space 21504K, 56% used [0x000000077a000000,0x000000077abe4168,0x000000077b500000)
Event: 182.284 GC heap after
Heap after GC invocations=11 (full 2):
 PSYoungGen      total 544768K, used 0K [0x00000007d6c80000, 0x0000000800000000, 0x0000000800000000)
  eden space 514560K, 0% used [0x00000007d6c80000,0x00000007d6c80000,0x00000007f6300000)
  from space 30208K, 0% used [0x00000007f6300000,0x00000007f6300000,0x00000007f8080000)
  to   space 50176K, 0% used [0x00000007fcf00000,0x00000007fcf00000,0x0000000800000000)
 ParOldGen       total 260608K, used 154973K [0x0000000784600000, 0x0000000794480000, 0x00000007d6c80000)
  object space 260608K, 59% used [0x0000000784600000,0x000000078dd57650,0x0000000794480000)
 PSPermGen       total 21504K, used 12174K [0x000000077a000000, 0x000000077b500000, 0x0000000784600000)
  object space 21504K, 56% used [0x000000077a000000,0x000000077abe3800,0x000000077b500000)
}

Deoptimization events (10 events):
Event: 6.816 Thread 0x00007f85a000c000 Uncommon trap: reason=unreached action=reinterpret pc=0x00007f859d164064 method=java.util.HashMap.containsKey(Ljava/lang/Object;)Z @ 5
Event: 6.816 Thread 0x00007f85a000c000 Uncommon trap: reason=unreached action=reinterpret pc=0x00007f859d0a1520 method=java.util.HashMap.containsKey(Ljava/lang/Object;)Z @ 5
Event: 6.831 Thread 0x00007f85a000c000 Uncommon trap: reason=unreached action=reinterpret pc=0x00007f859d141838 method=java.util.LinkedList.linkLast(Ljava/lang/Object;)V @ 22
Event: 6.837 Thread 0x00007f85a000c000 Uncommon trap: reason=array_check action=maybe_recompile pc=0x00007f859d110a98 method=java.util.AbstractCollection.toArray([Ljava/lang/Object;)[Ljava/lang/Object; @ 119
Event: 6.852 Thread 0x00007f85a000c000 Uncommon trap: reason=unreached action=reinterpret pc=0x00007f859d0aad0c method=edu.cmu.sphinx.fst.operations.Reverse.get(Ledu/cmu/sphinx/fst/Fst;)Ledu/cmu/sphinx/fst/Fst; @ 263
Event: 6.855 Thread 0x00007f85a000c000 Uncommon trap: reason=unreached action=reinterpret pc=0x00007f859d0a51d4 method=java.util.HashMap.keySet()Ljava/util/Set; @ 6
Event: 6.874 Thread 0x00007f85a000c000 Uncommon trap: reason=array_check action=maybe_recompile pc=0x00007f859d110a98 method=java.util.AbstractCollection.toArray([Ljava/lang/Object;)[Ljava/lang/Object; @ 119
Event: 6.911 Thread 0x00007f85a000c000 Uncommon trap: reason=array_check action=maybe_recompile pc=0x00007f859d110a98 method=java.util.AbstractCollection.toArray([Ljava/lang/Object;)[Ljava/lang/Object; @ 119
Event: 11.435 Thread 0x00007f85a01a0000 Uncommon trap: reason=class_check action=maybe_recompile pc=0x00007f859d0a4898 method=java.util.HashMap.removeEntryForKey(Ljava/lang/Object;)Ljava/util/HashMap$Entry; @ 139
Event: 27.886 Thread 0x00007f85a000c000 Uncommon trap: reason=unreached action=reinterpret pc=0x00007f859d12e13c method=PostProcessor.SphinxBased.LexTreeLinguist$LexTreeHMMState.getSuccessors()[Ledu/cmu/sphinx/linguist/SearchStateArc; @ 25

Internal exceptions (10 events):
Event: 7.153 Thread 0x00007f85a000c000 Threw 0x00000007e88a8610 at /build/openjdk-7-FO0dNI/openjdk-7-7u79-2.5.6/build/openjdk/hotspot/src/share/vm/prims/jvm.cpp:1284
Event: 25.725 Thread 0x00007f85a000c000 Threw 0x00000007e88aedc8 at /build/openjdk-7-FO0dNI/openjdk-7-7u79-2.5.6/build/openjdk/hotspot/src/share/vm/prims/jvm.cpp:1284
Event: 25.728 Thread 0x00007f85a000c000 Threw 0x00000007e88b2cb8 at /build/openjdk-7-FO0dNI/openjdk-7-7u79-2.5.6/build/openjdk/hotspot/src/share/vm/prims/jvm.cpp:1284
Event: 25.731 Thread 0x00007f85a000c000 Threw 0x00000007e88b6be0 at /build/openjdk-7-FO0dNI/openjdk-7-7u79-2.5.6/build/openjdk/hotspot/src/share/vm/prims/jvm.cpp:1284
Event: 25.736 Thread 0x00007f85a000c000 Threw 0x00000007e88be5e8 at /build/openjdk-7-FO0dNI/openjdk-7-7u79-2.5.6/build/openjdk/hotspot/src/share/vm/prims/jvm.cpp:1284
Event: 25.744 Thread 0x00007f85a000c000 Threw 0x00000007e8918110 at /build/openjdk-7-FO0dNI/openjdk-7-7u79-2.5.6/build/openjdk/hotspot/src/share/vm/prims/jvm.cpp:1284
Event: 26.223 Thread 0x00007f85a000c000 Threw 0x00000007e893b460 at /build/openjdk-7-FO0dNI/openjdk-7-7u79-2.5.6/build/openjdk/hotspot/src/share/vm/prims/jvm.cpp:1284
Event: 26.592 Thread 0x00007f85a000c000 Threw 0x00000007e8a72858 at /build/openjdk-7-FO0dNI/openjdk-7-7u79-2.5.6/build/openjdk/hotspot/src/share/vm/prims/jvm.cpp:1284
Event: 26.603 Thread 0x00007f85a000c000 Threw 0x00000007e8aa4480 at /build/openjdk-7-FO0dNI/openjdk-7-7u79-2.5.6/build/openjdk/hotspot/src/share/vm/prims/jvm.cpp:1284
Event: 26.608 Thread 0x00007f85a000c000 Threw 0x00000007e8aa9220 at /build/openjdk-7-FO0dNI/openjdk-7-7u79-2.5.6/build/openjdk/hotspot/src/share/vm/prims/jvm.cpp:1284

Events (10 events):
Event: 8771.498 Executing VM operation: RedefineClasses
Event: 8771.501 Executing VM operation: RedefineClasses done
Event: 8771.503 Executing VM operation: EnterInterpOnlyMode
Event: 8771.503 Executing VM operation: EnterInterpOnlyMode done
Event: 8771.503 Executing VM operation: GetCurrentLocation
Event: 8771.503 Executing VM operation: GetCurrentLocation done
Event: 8771.503 Executing VM operation: ChangeSingleStep
Event: 8771.503 Executing VM operation: ChangeSingleStep done
Event: 8771.504 Executing VM operation: ChangeSingleStep
Event: 8771.504 Executing VM operation: ChangeSingleStep done


Dynamic libraries:
00400000-00401000 r-xp 00000000 08:11 7612520                            /usr/lib/jvm/java-7-openjdk-amd64/jre/bin/java
00600000-00601000 r--p 00000000 08:11 7612520                            /usr/lib/jvm/java-7-openjdk-amd64/jre/bin/java
00601000-00602000 rw-p 00001000 08:11 7612520                            /usr/lib/jvm/java-7-openjdk-amd64/jre/bin/java
01781000-017a2000 rw-p 00000000 00:00 0                                  [heap]
77a000000-77b500000 rw-p 00000000 00:00 0 
77b500000-784600000 rw-p 00000000 00:00 0 
784600000-794480000 rw-p 00000000 00:00 0 
794480000-7d6c80000 rw-p 00000000 00:00 0 
7d6c80000-800000000 rw-p 00000000 00:00 0 
7f8554000000-7f8554021000 rw-p 00000000 00:00 0 
7f8554021000-7f8558000000 ---p 00000000 00:00 0 
7f8558000000-7f8558021000 rw-p 00000000 00:00 0 
7f8558021000-7f855c000000 ---p 00000000 00:00 0 
7f855c000000-7f855d1c6000 rw-p 00000000 00:00 0 
7f855d1c6000-7f8560000000 ---p 00000000 00:00 0 
7f8560000000-7f85616a6000 rw-p 00000000 00:00 0 
7f85616a6000-7f8564000000 ---p 00000000 00:00 0 
7f8564000000-7f8564021000 rw-p 00000000 00:00 0 
7f8564021000-7f8568000000 ---p 00000000 00:00 0 
7f8568000000-7f8568021000 rw-p 00000000 00:00 0 
7f8568021000-7f856c000000 ---p 00000000 00:00 0 
7f856c000000-7f856c021000 rw-p 00000000 00:00 0 
7f856c021000-7f8570000000 ---p 00000000 00:00 0 
7f8570000000-7f8570581000 rw-p 00000000 00:00 0 
7f8570581000-7f8574000000 ---p 00000000 00:00 0 
7f8574000000-7f8574021000 rw-p 00000000 00:00 0 
7f8574021000-7f8578000000 ---p 00000000 00:00 0 
7f8578000000-7f8578021000 rw-p 00000000 00:00 0 
7f8578021000-7f857c000000 ---p 00000000 00:00 0 
7f857c000000-7f857c021000 rw-p 00000000 00:00 0 
7f857c021000-7f8580000000 ---p 00000000 00:00 0 
7f8580000000-7f8580021000 rw-p 00000000 00:00 0 
7f8580021000-7f8584000000 ---p 00000000 00:00 0 
7f8584000000-7f8584021000 rw-p 00000000 00:00 0 
7f8584021000-7f8588000000 ---p 00000000 00:00 0 
7f8588f44000-7f8588f47000 ---p 00000000 00:00 0 
7f8588f47000-7f8589045000 rw-p 00000000 00:00 0 
7f8589045000-7f858904a000 r-xp 00000000 08:11 4063324                    /lib/x86_64-linux-gnu/libnss_dns-2.19.so
7f858904a000-7f8589249000 ---p 00005000 08:11 4063324                    /lib/x86_64-linux-gnu/libnss_dns-2.19.so
7f8589249000-7f858924a000 r--p 00004000 08:11 4063324                    /lib/x86_64-linux-gnu/libnss_dns-2.19.so
7f858924a000-7f858924b000 rw-p 00005000 08:11 4063324                    /lib/x86_64-linux-gnu/libnss_dns-2.19.so
7f858924b000-7f85892c3000 r-xp 00000000 08:11 6422931                    /usr/lib/x86_64-linux-gnu/nss/libfreebl3.so
7f85892c3000-7f85894c3000 ---p 00078000 08:11 6422931                    /usr/lib/x86_64-linux-gnu/nss/libfreebl3.so
7f85894c3000-7f85894c5000 r--p 00078000 08:11 6422931                    /usr/lib/x86_64-linux-gnu/nss/libfreebl3.so
7f85894c5000-7f85894c6000 rw-p 0007a000 08:11 6422931                    /usr/lib/x86_64-linux-gnu/nss/libfreebl3.so
7f85894c6000-7f85894ca000 rw-p 00000000 00:00 0 
7f85894ca000-7f858957e000 r-xp 00000000 08:11 6038321                    /usr/lib/x86_64-linux-gnu/libsqlite3.so.0.8.6
7f858957e000-7f858977e000 ---p 000b4000 08:11 6038321                    /usr/lib/x86_64-linux-gnu/libsqlite3.so.0.8.6
7f858977e000-7f8589780000 r--p 000b4000 08:11 6038321                    /usr/lib/x86_64-linux-gnu/libsqlite3.so.0.8.6
7f8589780000-7f8589782000 rw-p 000b6000 08:11 6038321                    /usr/lib/x86_64-linux-gnu/libsqlite3.so.0.8.6
7f8589782000-7f8589783000 rw-p 00000000 00:00 0 
7f8589783000-7f85897c3000 r-xp 00000000 08:11 6422929                    /usr/lib/x86_64-linux-gnu/nss/libsoftokn3.so
7f85897c3000-7f85899c3000 ---p 00040000 08:11 6422929                    /usr/lib/x86_64-linux-gnu/nss/libsoftokn3.so
7f85899c3000-7f85899c4000 r--p 00040000 08:11 6422929                    /usr/lib/x86_64-linux-gnu/nss/libsoftokn3.so
7f85899c4000-7f85899c5000 rw-p 00041000 08:11 6422929                    /usr/lib/x86_64-linux-gnu/nss/libsoftokn3.so
7f85899c5000-7f85899fd000 r-xp 00000000 08:11 6029439                    /usr/lib/x86_64-linux-gnu/libnspr4.so
7f85899fd000-7f8589bfd000 ---p 00038000 08:11 6029439                    /usr/lib/x86_64-linux-gnu/libnspr4.so
7f8589bfd000-7f8589bfe000 r--p 00038000 08:11 6029439                    /usr/lib/x86_64-linux-gnu/libnspr4.so
7f8589bfe000-7f8589bff000 rw-p 00039000 08:11 6029439                    /usr/lib/x86_64-linux-gnu/libnspr4.so
7f8589bff000-7f8589c02000 rw-p 00000000 00:00 0 
7f8589c02000-7f8589c05000 r-xp 00000000 08:11 6029369                    /usr/lib/x86_64-linux-gnu/libplds4.so
7f8589c05000-7f8589e04000 ---p 00003000 08:11 6029369                    /usr/lib/x86_64-linux-gnu/libplds4.so
7f8589e04000-7f8589e05000 r--p 00002000 08:11 6029369                    /usr/lib/x86_64-linux-gnu/libplds4.so
7f8589e05000-7f8589e06000 rw-p 00003000 08:11 6029369                    /usr/lib/x86_64-linux-gnu/libplds4.so
7f8589e06000-7f8589e0a000 r-xp 00000000 08:11 6029438                    /usr/lib/x86_64-linux-gnu/libplc4.so
7f8589e0a000-7f858a009000 ---p 00004000 08:11 6029438                    /usr/lib/x86_64-linux-gnu/libplc4.so
7f858a009000-7f858a00a000 r--p 00003000 08:11 6029438                    /usr/lib/x86_64-linux-gnu/libplc4.so
7f858a00a000-7f858a00b000 rw-p 00004000 08:11 6029438                    /usr/lib/x86_64-linux-gnu/libplc4.so
7f858a00b000-7f858a030000 r-xp 00000000 08:11 6031417                    /usr/lib/x86_64-linux-gnu/libnssutil3.so
7f858a030000-7f858a22f000 ---p 00025000 08:11 6031417                    /usr/lib/x86_64-linux-gnu/libnssutil3.so
7f858a22f000-7f858a235000 r--p 00024000 08:11 6031417                    /usr/lib/x86_64-linux-gnu/libnssutil3.so
7f858a235000-7f858a236000 rw-p 0002a000 08:11 6031417                    /usr/lib/x86_64-linux-gnu/libnssutil3.so
7f858a236000-7f858a369000 r-xp 00000000 08:11 6031421                    /usr/lib/x86_64-linux-gnu/libnss3.so
7f858a369000-7f858a568000 ---p 00133000 08:11 6031421                    /usr/lib/x86_64-linux-gnu/libnss3.so
7f858a568000-7f858a56d000 r--p 00132000 08:11 6031421                    /usr/lib/x86_64-linux-gnu/libnss3.so
7f858a56d000-7f858a56f000 rw-p 00137000 08:11 6031421                    /usr/lib/x86_64-linux-gnu/libnss3.so
7f858a56f000-7f858a570000 rw-p 00000000 00:00 0 
7f858a570000-7f858a580000 r-xp 00000000 08:11 6819148                    /usr/lib/jvm/java-7-openjdk-amd64/jre/lib/amd64/libj2pkcs11.so
7f858a580000-7f858a77f000 ---p 00010000 08:11 6819148                    /usr/lib/jvm/java-7-openjdk-amd64/jre/lib/amd64/libj2pkcs11.so
7f858a77f000-7f858a780000 r--p 0000f000 08:11 6819148                    /usr/lib/jvm/java-7-openjdk-amd64/jre/lib/amd64/libj2pkcs11.so
7f858a780000-7f858a781000 rw-p 00010000 08:11 6819148                    /usr/lib/jvm/java-7-openjdk-amd64/jre/lib/amd64/libj2pkcs11.so
7f858a781000-7f858a7be000 r-xp 00000000 08:11 4067339                    /lib/x86_64-linux-gnu/libpcre.so.3.13.1
7f858a7be000-7f858a9bd000 ---p 0003d000 08:11 4067339                    /lib/x86_64-linux-gnu/libpcre.so.3.13.1
7f858a9bd000-7f858a9be000 r--p 0003c000 08:11 4067339                    /lib/x86_64-linux-gnu/libpcre.so.3.13.1
7f858a9be000-7f858a9bf000 rw-p 0003d000 08:11 4067339                    /lib/x86_64-linux-gnu/libpcre.so.3.13.1
7f858a9bf000-7f858a9c6000 r-xp 00000000 08:11 6037703                    /usr/lib/x86_64-linux-gnu/libffi.so.6.0.1
7f858a9c6000-7f858abc5000 ---p 00007000 08:11 6037703                    /usr/lib/x86_64-linux-gnu/libffi.so.6.0.1
7f858abc5000-7f858abc6000 r--p 00006000 08:11 6037703                    /usr/lib/x86_64-linux-gnu/libffi.so.6.0.1
7f858abc6000-7f858abc7000 rw-p 00007000 08:11 6037703                    /usr/lib/x86_64-linux-gnu/libffi.so.6.0.1
7f858abc7000-7f858abde000 r-xp 00000000 08:11 4063247                    /lib/x86_64-linux-gnu/libresolv-2.19.so
7f858abde000-7f858adde000 ---p 00017000 08:11 4063247                    /lib/x86_64-linux-gnu/libresolv-2.19.so
7f858adde000-7f858addf000 r--p 00017000 08:11 4063247                    /lib/x86_64-linux-gnu/libresolv-2.19.so
7f858addf000-7f858ade0000 rw-p 00018000 08:11 4063247                    /lib/x86_64-linux-gnu/libresolv-2.19.so
7f858ade0000-7f858ade2000 rw-p 00000000 00:00 0 
7f858ade2000-7f858ae02000 r-xp 00000000 08:11 4067366                    /lib/x86_64-linux-gnu/libselinux.so.1
7f858ae02000-7f858b001000 ---p 00020000 08:11 4067366                    /lib/x86_64-linux-gnu/libselinux.so.1
7f858b001000-7f858b002000 r--p 0001f000 08:11 4067366                    /lib/x86_64-linux-gnu/libselinux.so.1
7f858b002000-7f858b003000 rw-p 00020000 08:11 4067366                    /lib/x86_64-linux-gnu/libselinux.so.1
7f858b003000-7f858b005000 rw-p 00000000 00:00 0 
7f858b005000-7f858b008000 r-xp 00000000 08:11 6029676                    /usr/lib/x86_64-linux-gnu/libgmodule-2.0.so.0.4002.0
7f858b008000-7f858b207000 ---p 00003000 08:11 6029676                    /usr/lib/x86_64-linux-gnu/libgmodule-2.0.so.0.4002.0
7f858b207000-7f858b208000 r--p 00002000 08:11 6029676                    /usr/lib/x86_64-linux-gnu/libgmodule-2.0.so.0.4002.0
7f858b208000-7f858b209000 rw-p 00003000 08:11 6029676                    /usr/lib/x86_64-linux-gnu/libgmodule-2.0.so.0.4002.0
7f858b209000-7f858b30f000 r-xp 00000000 08:11 4064270                    /lib/x86_64-linux-gnu/libglib-2.0.so.0.4002.0
7f858b30f000-7f858b50e000 ---p 00106000 08:11 4064270                    /lib/x86_64-linux-gnu/libglib-2.0.so.0.4002.0
7f858b50e000-7f858b50f000 r--p 00105000 08:11 4064270                    /lib/x86_64-linux-gnu/libglib-2.0.so.0.4002.0
7f858b50f000-7f858b510000 rw-p 00106000 08:11 4064270                    /lib/x86_64-linux-gnu/libglib-2.0.so.0.4002.0
7f858b510000-7f858b511000 rw-p 00000000 00:00 0 
7f858b511000-7f858b560000 r-xp 00000000 08:11 6029694                    /usr/lib/x86_64-linux-gnu/libgobject-2.0.so.0.4002.0
7f858b560000-7f858b760000 ---p 0004f000 08:11 6029694                    /usr/lib/x86_64-linux-gnu/libgobject-2.0.so.0.4002.0
7f858b760000-7f858b761000 r--p 0004f000 08:11 6029694                    /usr/lib/x86_64-linux-gnu/libgobject-2.0.so.0.4002.0
7f858b761000-7f858b762000 rw-p 00050000 08:11 6029694                    /usr/lib/x86_64-linux-gnu/libgobject-2.0.so.0.4002.0
7f858b762000-7f858b8ce000 r-xp 00000000 08:11 6029698                    /usr/lib/x86_64-linux-gnu/libgio-2.0.so.0.4002.0
7f858b8ce000-7f858bacd000 ---p 0016c000 08:11 6029698                    /usr/lib/x86_64-linux-gnu/libgio-2.0.so.0.4002.0
7f858bacd000-7f858bad1000 r--p 0016b000 08:11 6029698                    /usr/lib/x86_64-linux-gnu/libgio-2.0.so.0.4002.0
7f858bad1000-7f858bad3000 rw-p 0016f000 08:11 6029698                    /usr/lib/x86_64-linux-gnu/libgio-2.0.so.0.4002.0
7f858bad3000-7f858bad5000 rw-p 00000000 00:00 0 
7f858bad5000-7f858baec000 r-xp 00000000 08:11 6819154                    /usr/lib/jvm/java-7-openjdk-amd64/jre/lib/amd64/libnet.so
7f858baec000-7f858bceb000 ---p 00017000 08:11 6819154                    /usr/lib/jvm/java-7-openjdk-amd64/jre/lib/amd64/libnet.so
7f858bceb000-7f858bcec000 r--p 00016000 08:11 6819154                    /usr/lib/jvm/java-7-openjdk-amd64/jre/lib/amd64/libnet.so
7f858bcec000-7f858bced000 rw-p 00017000 08:11 6819154                    /usr/lib/jvm/java-7-openjdk-amd64/jre/lib/amd64/libnet.so
7f858bced000-7f858bcfd000 r-xp 00000000 08:11 6819159                    /usr/lib/jvm/java-7-openjdk-amd64/jre/lib/amd64/libnio.so
7f858bcfd000-7f858befd000 ---p 00010000 08:11 6819159                    /usr/lib/jvm/java-7-openjdk-amd64/jre/lib/amd64/libnio.so
7f858befd000-7f858befe000 r--p 00010000 08:11 6819159                    /usr/lib/jvm/java-7-openjdk-amd64/jre/lib/amd64/libnio.so
7f858befe000-7f858beff000 rw-p 00011000 08:11 6819159                    /usr/lib/jvm/java-7-openjdk-amd64/jre/lib/amd64/libnio.so
7f858beff000-7f858bf00000 ---p 00000000 00:00 0 
7f858bf00000-7f858c000000 rw-p 00000000 00:00 0                          [stack:28789]
7f858c000000-7f858c021000 rw-p 00000000 00:00 0 
7f858c021000-7f8590000000 ---p 00000000 00:00 0 
7f8590000000-7f8590021000 rw-p 00000000 00:00 0 
7f8590021000-7f8594000000 ---p 00000000 00:00 0 
7f8594000000-7f8594021000 rw-p 00000000 00:00 0 
7f8594021000-7f8598000000 ---p 00000000 00:00 0 
7f85980f1000-7f85980f4000 ---p 00000000 00:00 0 
7f85980f4000-7f85981f2000 rw-p 00000000 00:00 0                          [stack:28788]
7f85981f2000-7f85981f5000 ---p 00000000 00:00 0 
7f85981f5000-7f85982f3000 rw-p 00000000 00:00 0                          [stack:28787]
7f85982f3000-7f85982f6000 ---p 00000000 00:00 0 
7f85982f6000-7f85983f4000 rw-p 00000000 00:00 0                          [stack:28786]
7f85983f4000-7f85983f7000 ---p 00000000 00:00 0 
7f85983f7000-7f85984f5000 rw-p 00000000 00:00 0                          [stack:28783]
7f85984f5000-7f85984f8000 ---p 00000000 00:00 0 
7f85984f8000-7f85985f6000 rw-p 00000000 00:00 0                          [stack:28781]
7f85985f6000-7f85985f9000 ---p 00000000 00:00 0 
7f85985f9000-7f85986f7000 rw-p 00000000 00:00 0                          [stack:28780]
7f85986f7000-7f85986fb000 r-xp 00000000 08:11 6819157                    /usr/lib/jvm/java-7-openjdk-amd64/jre/lib/amd64/libdt_socket.so
7f85986fb000-7f85988fa000 ---p 00004000 08:11 6819157                    /usr/lib/jvm/java-7-openjdk-amd64/jre/lib/amd64/libdt_socket.so
7f85988fa000-7f85988fb000 r--p 00003000 08:11 6819157                    /usr/lib/jvm/java-7-openjdk-amd64/jre/lib/amd64/libdt_socket.so
7f85988fb000-7f85988fc000 rw-p 00004000 08:11 6819157                    /usr/lib/jvm/java-7-openjdk-amd64/jre/lib/amd64/libdt_socket.so
7f85988fc000-7f85988ff000 ---p 00000000 00:00 0 
7f85988ff000-7f85989fd000 rw-p 00000000 00:00 0                          [stack:28777]
7f85989fd000-7f8598a00000 ---p 00000000 00:00 0 
7f8598a00000-7f8598afe000 rw-p 00000000 00:00 0                          [stack:28775]
7f8598afe000-7f8598b01000 ---p 00000000 00:00 0 
7f8598b01000-7f8598bff000 rw-p 00000000 00:00 0                          [stack:28774]
7f8598bff000-7f8598c00000 ---p 00000000 00:00 0 
7f8598c00000-7f859d000000 rw-p 00000000 00:00 0                          [stack:28773]
7f859d000000-7f859d270000 rwxp 00000000 00:00 0 
7f859d270000-7f85a04f4000 rw-p 00000000 00:00 0 
7f85a04f4000-7f85a4000000 ---p 00000000 00:00 0 
7f85a4057000-7f85a4059000 rw-p 00000000 00:00 0 
7f85a4059000-7f85a405c000 r--s 00017000 08:11 6689596                    /usr/lib/jvm/java-7-openjdk-amd64/jre/lib/jce.jar
7f85a405c000-7f85a4061000 r--s 0004d000 08:11 6689592                    /usr/lib/jvm/java-7-openjdk-amd64/jre/lib/jsse.jar
7f85a4061000-7f85a406b000 r--s 000ae000 08:11 6689588                    /usr/lib/jvm/java-7-openjdk-amd64/jre/lib/resources.jar
7f85a406b000-7f85a406c000 r--s 00a9c000 00:1f 409902336                  /informatik2/students/home/1strauss/workspace/MeinDocks/lib/WSJ_8gau_13dCep_16k_40mel_130Hz_6800Hz.jar
7f85a406c000-7f85a406e000 r--s 00009000 00:1f 610672898                  /informatik2/students/home/1strauss/.m2/repository/org/hamcrest/hamcrest-core/1.3/hamcrest-core-1.3.jar
7f85a406e000-7f85a406f000 r--s 0000c000 00:1f 610672130                  /informatik2/students/home/1strauss/.m2/repository/org/hamcrest/hamcrest-library/1.3/hamcrest-library-1.3.jar
7f85a406f000-7f85a4071000 r--s 0000c000 00:1f 610671362                  /informatik2/students/home/1strauss/.m2/repository/com/beust/jcommander/1.27/jcommander-1.27.jar
7f85a4071000-7f85a4076000 r--s 00040000 00:1f 610670594                  /informatik2/students/home/1strauss/.m2/repository/org/beanshell/bsh/2.0b4/bsh-2.0b4.jar
7f85a4076000-7f85a4084000 r--s 000bf000 00:1f 610669826                  /informatik2/students/home/1strauss/.m2/repository/org/testng/testng/6.8.8/testng-6.8.8.jar
7f85a4084000-7f85a40a2000 r--s 00180000 00:1f 610817026                  /informatik2/students/home/1strauss/.m2/repository/org/apache/commons/commons-math3/3.2/commons-math3-3.2.jar
7f85a40a2000-7f85a40a4000 r--s 0002c000 00:1f 409901824                  /informatik2/students/home/1strauss/workspace/MeinDocks/lib/javaFlacEncoder-0.3.1.jar
7f85a40a4000-7f85a40a7000 r--s 0000f000 08:11 7478457                    /usr/lib/jvm/java-7-openjdk-amd64/jre/lib/ext/icedtea-sound.jar
7f85a40a7000-7f85a40ab000 r--s 00085000 08:11 7475959                    /usr/lib/jvm/java-7-openjdk-amd64/jre/lib/ext/localedata.jar
7f85a40ab000-7f85a40af000 r--s 0003c000 08:11 7478455                    /usr/lib/jvm/java-7-openjdk-amd64/jre/lib/ext/sunpkcs11.jar
7f85a40af000-7f85a40b3000 r--s 00034000 08:11 7478454                    /usr/lib/jvm/java-7-openjdk-amd64/jre/lib/ext/sunjce_provider.jar
7f85a40b3000-7f85a50b0000 rw-p 00000000 00:00 0 
7f85a50b0000-7f85a5261000 r--s 01d29000 08:11 6689585                    /usr/lib/jvm/java-7-openjdk-amd64/jre/lib/rt.jar
7f85a5261000-7f85a578c000 rw-p 00000000 00:00 0 
7f85a578c000-7f85a578d000 ---p 00000000 00:00 0 
7f85a578d000-7f85a588d000 rw-p 00000000 00:00 0                          [stack:28772]
7f85a588d000-7f85a588e000 ---p 00000000 00:00 0 
7f85a588e000-7f85a598e000 rw-p 00000000 00:00 0                          [stack:28771]
7f85a598e000-7f85a598f000 ---p 00000000 00:00 0 
7f85a598f000-7f85a5a8f000 rw-p 00000000 00:00 0                          [stack:28770]
7f85a5a8f000-7f85a5a90000 ---p 00000000 00:00 0 
7f85a5a90000-7f85a5b9b000 rw-p 00000000 00:00 0                          [stack:28769]
7f85a5b9b000-7f85a5be3000 rw-p 00000000 00:00 0 
7f85a5be3000-7f85a5c63000 rw-p 00000000 00:00 0 
7f85a5c63000-7f85a5e77000 rw-p 00000000 00:00 0 
7f85a5e77000-7f85a5e82000 rw-p 00000000 00:00 0 
7f85a5e82000-7f85a5eca000 rw-p 00000000 00:00 0 
7f85a5eca000-7f85a5f4a000 rw-p 00000000 00:00 0 
7f85a5f4a000-7f85a615d000 rw-p 00000000 00:00 0 
7f85a615d000-7f85a62a7000 rw-p 00000000 00:00 0 
7f85a62a7000-7f85a62a8000 rw-p 00000000 00:00 0 
7f85a62a8000-7f85a62b0000 r-xp 00000000 08:11 6816097                    /usr/lib/jvm/java-7-openjdk-amd64/jre/lib/amd64/libzip.so
7f85a62b0000-7f85a64af000 ---p 00008000 08:11 6816097                    /usr/lib/jvm/java-7-openjdk-amd64/jre/lib/amd64/libzip.so
7f85a64af000-7f85a64b0000 r--p 00007000 08:11 6816097                    /usr/lib/jvm/java-7-openjdk-amd64/jre/lib/amd64/libzip.so
7f85a64b0000-7f85a64b1000 rw-p 00008000 08:11 6816097                    /usr/lib/jvm/java-7-openjdk-amd64/jre/lib/amd64/libzip.so
7f85a64b1000-7f85a64b6000 r-xp 00000000 08:11 8134836                    /opt/informatik3623/lib64/libnss_winbind.so
7f85a64b6000-7f85a66b6000 ---p 00005000 08:11 8134836                    /opt/informatik3623/lib64/libnss_winbind.so
7f85a66b6000-7f85a66b7000 r--p 00005000 08:11 8134836                    /opt/informatik3623/lib64/libnss_winbind.so
7f85a66b7000-7f85a66b8000 rw-p 00006000 08:11 8134836                    /opt/informatik3623/lib64/libnss_winbind.so
7f85a66b8000-7f85a66bd000 rw-p 00000000 00:00 0 
7f85a66bd000-7f85a66c8000 r-xp 00000000 08:11 4063321                    /lib/x86_64-linux-gnu/libnss_files-2.19.so
7f85a66c8000-7f85a68c7000 ---p 0000b000 08:11 4063321                    /lib/x86_64-linux-gnu/libnss_files-2.19.so
7f85a68c7000-7f85a68c8000 r--p 0000a000 08:11 4063321                    /lib/x86_64-linux-gnu/libnss_files-2.19.so
7f85a68c8000-7f85a68c9000 rw-p 0000b000 08:11 4063321                    /lib/x86_64-linux-gnu/libnss_files-2.19.so
7f85a68c9000-7f85a711f000 r--p 00000000 08:11 6036403                    /usr/lib/locale/locale-archive
7f85a711f000-7f85a7122000 r-xp 00000000 08:11 6819147                    /usr/lib/jvm/java-7-openjdk-amd64/jre/lib/amd64/libnpt.so
7f85a7122000-7f85a7321000 ---p 00003000 08:11 6819147                    /usr/lib/jvm/java-7-openjdk-amd64/jre/lib/amd64/libnpt.so
7f85a7321000-7f85a7322000 r--p 00002000 08:11 6819147                    /usr/lib/jvm/java-7-openjdk-amd64/jre/lib/amd64/libnpt.so
7f85a7322000-7f85a7323000 rw-p 00003000 08:11 6819147                    /usr/lib/jvm/java-7-openjdk-amd64/jre/lib/amd64/libnpt.so
7f85a7323000-7f85a735d000 r-xp 00000000 08:11 6819143                    /usr/lib/jvm/java-7-openjdk-amd64/jre/lib/amd64/libjdwp.so
7f85a735d000-7f85a755c000 ---p 0003a000 08:11 6819143                    /usr/lib/jvm/java-7-openjdk-amd64/jre/lib/amd64/libjdwp.so
7f85a755c000-7f85a755d000 r--p 00039000 08:11 6819143                    /usr/lib/jvm/java-7-openjdk-amd64/jre/lib/amd64/libjdwp.so
7f85a755d000-7f85a755e000 rw-p 0003a000 08:11 6819143                    /usr/lib/jvm/java-7-openjdk-amd64/jre/lib/amd64/libjdwp.so
7f85a755e000-7f85a7589000 r-xp 00000000 08:11 6819162                    /usr/lib/jvm/java-7-openjdk-amd64/jre/lib/amd64/libjava.so
7f85a7589000-7f85a7788000 ---p 0002b000 08:11 6819162                    /usr/lib/jvm/java-7-openjdk-amd64/jre/lib/amd64/libjava.so
7f85a7788000-7f85a7789000 r--p 0002a000 08:11 6819162                    /usr/lib/jvm/java-7-openjdk-amd64/jre/lib/amd64/libjava.so
7f85a7789000-7f85a778b000 rw-p 0002b000 08:11 6819162                    /usr/lib/jvm/java-7-openjdk-amd64/jre/lib/amd64/libjava.so
7f85a778b000-7f85a779b000 r-xp 00000000 08:11 6819144                    /usr/lib/jvm/java-7-openjdk-amd64/jre/lib/amd64/libverify.so
7f85a779b000-7f85a799a000 ---p 00010000 08:11 6819144                    /usr/lib/jvm/java-7-openjdk-amd64/jre/lib/amd64/libverify.so
7f85a799a000-7f85a799c000 r--p 0000f000 08:11 6819144                    /usr/lib/jvm/java-7-openjdk-amd64/jre/lib/amd64/libverify.so
7f85a799c000-7f85a799d000 rw-p 00011000 08:11 6819144                    /usr/lib/jvm/java-7-openjdk-amd64/jre/lib/amd64/libverify.so
7f85a799d000-7f85a79a4000 r-xp 00000000 08:11 4063523                    /lib/x86_64-linux-gnu/librt-2.19.so
7f85a79a4000-7f85a7ba3000 ---p 00007000 08:11 4063523                    /lib/x86_64-linux-gnu/librt-2.19.so
7f85a7ba3000-7f85a7ba4000 r--p 00006000 08:11 4063523                    /lib/x86_64-linux-gnu/librt-2.19.so
7f85a7ba4000-7f85a7ba5000 rw-p 00007000 08:11 4063523                    /lib/x86_64-linux-gnu/librt-2.19.so
7f85a7ba5000-7f85a7bbb000 r-xp 00000000 08:11 4063528                    /lib/x86_64-linux-gnu/libgcc_s.so.1
7f85a7bbb000-7f85a7dba000 ---p 00016000 08:11 4063528                    /lib/x86_64-linux-gnu/libgcc_s.so.1
7f85a7dba000-7f85a7dbb000 rw-p 00015000 08:11 4063528                    /lib/x86_64-linux-gnu/libgcc_s.so.1
7f85a7dbb000-7f85a7ec0000 r-xp 00000000 08:11 4063261                    /lib/x86_64-linux-gnu/libm-2.19.so
7f85a7ec0000-7f85a80bf000 ---p 00105000 08:11 4063261                    /lib/x86_64-linux-gnu/libm-2.19.so
7f85a80bf000-7f85a80c0000 r--p 00104000 08:11 4063261                    /lib/x86_64-linux-gnu/libm-2.19.so
7f85a80c0000-7f85a80c1000 rw-p 00105000 08:11 4063261                    /lib/x86_64-linux-gnu/libm-2.19.so
7f85a80c1000-7f85a81a7000 r-xp 00000000 08:11 6038331                    /usr/lib/x86_64-linux-gnu/libstdc++.so.6.0.19
7f85a81a7000-7f85a83a6000 ---p 000e6000 08:11 6038331                    /usr/lib/x86_64-linux-gnu/libstdc++.so.6.0.19
7f85a83a6000-7f85a83ae000 r--p 000e5000 08:11 6038331                    /usr/lib/x86_64-linux-gnu/libstdc++.so.6.0.19
7f85a83ae000-7f85a83b0000 rw-p 000ed000 08:11 6038331                    /usr/lib/x86_64-linux-gnu/libstdc++.so.6.0.19
7f85a83b0000-7f85a83c5000 rw-p 00000000 00:00 0 
7f85a83c5000-7f85a8ede000 r-xp 00000000 08:11 7080815                    /usr/lib/jvm/java-7-openjdk-amd64/jre/lib/amd64/server/libjvm.so
7f85a8ede000-7f85a90de000 ---p 00b19000 08:11 7080815                    /usr/lib/jvm/java-7-openjdk-amd64/jre/lib/amd64/server/libjvm.so
7f85a90de000-7f85a9178000 r--p 00b19000 08:11 7080815                    /usr/lib/jvm/java-7-openjdk-amd64/jre/lib/amd64/server/libjvm.so
7f85a9178000-7f85a919b000 rw-p 00bb3000 08:11 7080815                    /usr/lib/jvm/java-7-openjdk-amd64/jre/lib/amd64/server/libjvm.so
7f85a919b000-7f85a91c9000 rw-p 00000000 00:00 0 
7f85a91c9000-7f85a91e1000 r-xp 00000000 08:11 4067399                    /lib/x86_64-linux-gnu/libz.so.1.2.8
7f85a91e1000-7f85a93e0000 ---p 00018000 08:11 4067399                    /lib/x86_64-linux-gnu/libz.so.1.2.8
7f85a93e0000-7f85a93e1000 r--p 00017000 08:11 4067399                    /lib/x86_64-linux-gnu/libz.so.1.2.8
7f85a93e1000-7f85a93e2000 rw-p 00018000 08:11 4067399                    /lib/x86_64-linux-gnu/libz.so.1.2.8
7f85a93e2000-7f85a93fb000 r-xp 00000000 08:11 4063521                    /lib/x86_64-linux-gnu/libpthread-2.19.so
7f85a93fb000-7f85a95fa000 ---p 00019000 08:11 4063521                    /lib/x86_64-linux-gnu/libpthread-2.19.so
7f85a95fa000-7f85a95fb000 r--p 00018000 08:11 4063521                    /lib/x86_64-linux-gnu/libpthread-2.19.so
7f85a95fb000-7f85a95fc000 rw-p 00019000 08:11 4063521                    /lib/x86_64-linux-gnu/libpthread-2.19.so
7f85a95fc000-7f85a9600000 rw-p 00000000 00:00 0 
7f85a9600000-7f85a9603000 r-xp 00000000 08:11 4063325                    /lib/x86_64-linux-gnu/libdl-2.19.so
7f85a9603000-7f85a9802000 ---p 00003000 08:11 4063325                    /lib/x86_64-linux-gnu/libdl-2.19.so
7f85a9802000-7f85a9803000 r--p 00002000 08:11 4063325                    /lib/x86_64-linux-gnu/libdl-2.19.so
7f85a9803000-7f85a9804000 rw-p 00003000 08:11 4063325                    /lib/x86_64-linux-gnu/libdl-2.19.so
7f85a9804000-7f85a99bf000 r-xp 00000000 08:11 4063520                    /lib/x86_64-linux-gnu/libc-2.19.so
7f85a99bf000-7f85a9bbe000 ---p 001bb000 08:11 4063520                    /lib/x86_64-linux-gnu/libc-2.19.so
7f85a9bbe000-7f85a9bc2000 r--p 001ba000 08:11 4063520                    /lib/x86_64-linux-gnu/libc-2.19.so
7f85a9bc2000-7f85a9bc4000 rw-p 001be000 08:11 4063520                    /lib/x86_64-linux-gnu/libc-2.19.so
7f85a9bc4000-7f85a9bc9000 rw-p 00000000 00:00 0 
7f85a9bc9000-7f85a9bd6000 r-xp 00000000 08:11 7210270                    /usr/lib/jvm/java-7-openjdk-amd64/jre/lib/amd64/jli/libjli.so
7f85a9bd6000-7f85a9dd5000 ---p 0000d000 08:11 7210270                    /usr/lib/jvm/java-7-openjdk-amd64/jre/lib/amd64/jli/libjli.so
7f85a9dd5000-7f85a9dd6000 r--p 0000c000 08:11 7210270                    /usr/lib/jvm/java-7-openjdk-amd64/jre/lib/amd64/jli/libjli.so
7f85a9dd6000-7f85a9dd7000 rw-p 0000d000 08:11 7210270                    /usr/lib/jvm/java-7-openjdk-amd64/jre/lib/amd64/jli/libjli.so
7f85a9dd7000-7f85a9dfa000 r-xp 00000000 08:11 4063337                    /lib/x86_64-linux-gnu/ld-2.19.so
7f85a9dfa000-7f85a9dfb000 r--s 00002000 08:11 7478406                    /usr/lib/jvm/java-7-openjdk-amd64/jre/lib/ext/dnsns.jar
7f85a9dfb000-7f85a9dfd000 r--s 00006000 08:11 6431252                    /usr/share/java/java-atk-wrapper.jar
7f85a9dfd000-7f85a9dff000 r--s 00012000 08:11 7478460                    /usr/lib/jvm/java-7-openjdk-amd64/jre/lib/ext/zipfs.jar
7f85a9dff000-7f85a9e09000 rw-p 00000000 00:00 0 
7f85a9e09000-7f85a9ebf000 rw-p 00000000 00:00 0 
7f85a9ebf000-7f85a9ec2000 ---p 00000000 00:00 0 
7f85a9ec2000-7f85a9fed000 rw-p 00000000 00:00 0                          [stack:28768]
7f85a9fed000-7f85a9ff5000 rw-s 00000000 08:11 7602431                    /tmp/hsperfdata_1strauss/28761
7f85a9ff5000-7f85a9ff6000 rw-p 00000000 00:00 0 
7f85a9ff6000-7f85a9ff7000 r--p 00000000 00:00 0 
7f85a9ff7000-7f85a9ff9000 rw-p 00000000 00:00 0 
7f85a9ff9000-7f85a9ffa000 r--p 00022000 08:11 4063337                    /lib/x86_64-linux-gnu/ld-2.19.so
7f85a9ffa000-7f85a9ffb000 rw-p 00023000 08:11 4063337                    /lib/x86_64-linux-gnu/ld-2.19.so
7f85a9ffb000-7f85a9ffc000 rw-p 00000000 00:00 0 
7ffddb74b000-7ffddb76c000 rw-p 00000000 00:00 0                          [stack]
7ffddb7c1000-7ffddb7c3000 r-xp 00000000 00:00 0                          [vdso]
ffffffffff600000-ffffffffff601000 r-xp 00000000 00:00 0                  [vsyscall]

VM Arguments:
jvm_args: -agentlib:jdwp=transport=dt_socket,suspend=y,address=localhost:52977 -ea -Dfile.encoding=UTF-8 
java_command: Example
Launcher Type: SUN_STANDARD

Environment Variables:
JAVA_HOME=/usr/lib/jvm/java-7-openjdk-amd64
PATH=/usr/local/sbin:/usr/local/bin:/usr/sbin:/usr/bin:/sbin:/bin:/usr/games:/usr/local/games
SHELL=/bin/bash
DISPLAY=:0

Signal Handlers:
SIGSEGV: [libjvm.so+0x94bab0], sa_mask[0]=0x7ffbfeff, sa_flags=0x10000004
SIGBUS: [libjvm.so+0x94bab0], sa_mask[0]=0x7ffbfeff, sa_flags=0x10000004
SIGFPE: [libjvm.so+0x7c38b0], sa_mask[0]=0x7ffbfeff, sa_flags=0x10000004
SIGPIPE: SIG_IGN, sa_mask[0]=0x00000000, sa_flags=0x00000000
SIGXFSZ: [libjvm.so+0x7c38b0], sa_mask[0]=0x7ffbfeff, sa_flags=0x10000004
SIGILL: [libjvm.so+0x7c38b0], sa_mask[0]=0x7ffbfeff, sa_flags=0x10000004
SIGUSR1: SIG_DFL, sa_mask[0]=0x00000000, sa_flags=0x00000000
SIGUSR2: [libjvm.so+0x7c3750], sa_mask[0]=0x00000004, sa_flags=0x10000004
SIGHUP: [libjvm.so+0x7c3930], sa_mask[0]=0x7ffbfeff, sa_flags=0x10000004
SIGINT: [libjvm.so+0x7c3930], sa_mask[0]=0x7ffbfeff, sa_flags=0x10000004
SIGTERM: [libjvm.so+0x7c3930], sa_mask[0]=0x7ffbfeff, sa_flags=0x10000004
SIGQUIT: [libjvm.so+0x7c3930], sa_mask[0]=0x7ffbfeff, sa_flags=0x10000004
SIGTRAP: SIG_DFL, sa_mask[0]=0x00000000, sa_flags=0x00000000


---------------  S Y S T E M  ---------------

OS:Ubuntu 14.04 (trusty)
uname:Linux 3.13.0-49-generic #83-Ubuntu SMP Fri Apr 10 20:11:33 UTC 2015 x86_64
libc:glibc 2.19 NPTL 2.19 
rlimit: STACK 8192k, CORE 0k, NPROC 63062, NOFILE 4096, AS infinity
load average:0.31 0.17 0.20

/proc/meminfo:
MemTotal:        8101400 kB
MemFree:         2330384 kB
Buffers:          338680 kB
Cached:          2097060 kB
SwapCached:            0 kB
Active:          4050256 kB
Inactive:        1338976 kB
Active(anon):    2954468 kB
Inactive(anon):    35368 kB
Active(file):    1095788 kB
Inactive(file):  1303608 kB
Unevictable:          44 kB
Mlocked:              44 kB
SwapTotal:      23871480 kB
SwapFree:       23871480 kB
Dirty:                52 kB
Writeback:             0 kB
AnonPages:       2953572 kB
Mapped:           257344 kB
Shmem:             36316 kB
Slab:             222640 kB
SReclaimable:     187576 kB
SUnreclaim:        35064 kB
KernelStack:        5576 kB
PageTables:        36116 kB
NFS_Unstable:          0 kB
Bounce:                0 kB
WritebackTmp:          0 kB
CommitLimit:    27922180 kB
Committed_AS:    7464380 kB
VmallocTotal:   34359738367 kB
VmallocUsed:      124404 kB
VmallocChunk:   34359608828 kB
HardwareCorrupted:     0 kB
AnonHugePages:   2222080 kB
HugePages_Total:       0
HugePages_Free:        0
HugePages_Rsvd:        0
HugePages_Surp:        0
Hugepagesize:       2048 kB
DirectMap4k:      215868 kB
DirectMap2M:     8097792 kB


CPU:total 4 (4 cores per cpu, 1 threads per core) family 6 model 30 stepping 5, cmov, cx8, fxsr, mmx, sse, sse2, sse3, ssse3, sse4.1, sse4.2, popcnt, tsc, tscinvbit

/proc/cpuinfo:
processor	: 0
vendor_id	: GenuineIntel
cpu family	: 6
model		: 30
model name	: Intel(R) Core(TM) i5 CPU         750  @ 2.67GHz
stepping	: 5
microcode	: 0x3
cpu MHz		: 1330.000
cache size	: 8192 KB
physical id	: 0
siblings	: 4
core id		: 0
cpu cores	: 4
apicid		: 0
initial apicid	: 0
fpu		: yes
fpu_exception	: yes
cpuid level	: 11
wp		: yes
flags		: fpu vme de pse tsc msr pae mce cx8 apic sep mtrr pge mca cmov pat pse36 clflush dts acpi mmx fxsr sse sse2 ss ht tm pbe syscall nx rdtscp lm constant_tsc arch_perfmon pebs bts rep_good nopl xtopology nonstop_tsc aperfmperf pni dtes64 monitor ds_cpl vmx smx est tm2 ssse3 cx16 xtpr pdcm sse4_1 sse4_2 popcnt lahf_lm ida dtherm tpr_shadow vnmi flexpriority ept vpid
bogomips	: 5320.37
clflush size	: 64
cache_alignment	: 64
address sizes	: 36 bits physical, 48 bits virtual
power management:

processor	: 1
vendor_id	: GenuineIntel
cpu family	: 6
model		: 30
model name	: Intel(R) Core(TM) i5 CPU         750  @ 2.67GHz
stepping	: 5
microcode	: 0x3
cpu MHz		: 1862.000
cache size	: 8192 KB
physical id	: 0
siblings	: 4
core id		: 1
cpu cores	: 4
apicid		: 2
initial apicid	: 2
fpu		: yes
fpu_exception	: yes
cpuid level	: 11
wp		: yes
flags		: fpu vme de pse tsc msr pae mce cx8 apic sep mtrr pge mca cmov pat pse36 clflush dts acpi mmx fxsr sse sse2 ss ht tm pbe syscall nx rdtscp lm constant_tsc arch_perfmon pebs bts rep_good nopl xtopology nonstop_tsc aperfmperf pni dtes64 monitor ds_cpl vmx smx est tm2 ssse3 cx16 xtpr pdcm sse4_1 sse4_2 popcnt lahf_lm ida dtherm tpr_shadow vnmi flexpriority ept vpid
bogomips	: 5320.37
clflush size	: 64
cache_alignment	: 64
address sizes	: 36 bits physical, 48 bits virtual
power management:

processor	: 2
vendor_id	: GenuineIntel
cpu family	: 6
model		: 30
model name	: Intel(R) Core(TM) i5 CPU         750  @ 2.67GHz
stepping	: 5
microcode	: 0x3
cpu MHz		: 1995.000
cache size	: 8192 KB
physical id	: 0
siblings	: 4
core id		: 2
cpu cores	: 4
apicid		: 4
initial apicid	: 4
fpu		: yes
fpu_exception	: yes
cpuid level	: 11
wp		: yes
flags		: fpu vme de pse tsc msr pae mce cx8 apic sep mtrr pge mca cmov pat pse36 clflush dts acpi mmx fxsr sse sse2 ss ht tm pbe syscall nx rdtscp lm constant_tsc arch_perfmon pebs bts rep_good nopl xtopology nonstop_tsc aperfmperf pni dtes64 monitor ds_cpl vmx smx est tm2 ssse3 cx16 xtpr pdcm sse4_1 sse4_2 popcnt lahf_lm ida dtherm tpr_shadow vnmi flexpriority ept vpid
bogomips	: 5320.37
clflush size	: 64
cache_alignment	: 64
address sizes	: 36 bits physical, 48 bits virtual
power management:

processor	: 3
vendor_id	: GenuineIntel
cpu family	: 6
model		: 30
model name	: Intel(R) Core(TM) i5 CPU         750  @ 2.67GHz
stepping	: 5
microcode	: 0x3
cpu MHz		: 1197.000
cache size	: 8192 KB
physical id	: 0
siblings	: 4
core id		: 3
cpu cores	: 4
apicid		: 6
initial apicid	: 6
fpu		: yes
fpu_exception	: yes
cpuid level	: 11
wp		: yes
flags		: fpu vme de pse tsc msr pae mce cx8 apic sep mtrr pge mca cmov pat pse36 clflush dts acpi mmx fxsr sse sse2 ss ht tm pbe syscall nx rdtscp lm constant_tsc arch_perfmon pebs bts rep_good nopl xtopology nonstop_tsc aperfmperf pni dtes64 monitor ds_cpl vmx smx est tm2 ssse3 cx16 xtpr pdcm sse4_1 sse4_2 popcnt lahf_lm ida dtherm tpr_shadow vnmi flexpriority ept vpid
bogomips	: 5320.37
clflush size	: 64
cache_alignment	: 64
address sizes	: 36 bits physical, 48 bits virtual
power management:



Memory: 4k page, physical 8101400k(2330384k free), swap 23871480k(23871480k free)

vm_info: OpenJDK 64-Bit Server VM (24.79-b02) for linux-amd64 JRE (1.7.0_79-b14), built on Jul 24 2015 08:15:54 by "buildd" with gcc 4.8.2

time: Fri Sep 11 14:58:08 2015
elapsed time: 8771 seconds

